                        z
                    ^
                            y
                        ^
                            x
                int
            sqrt
        ln
    *
                                x
                            sin
                        /
                            1
                    +
                        1
                /
                    1
            +
                1
        /
            1
+
                        z
                    +
                            y
                        +
                            x
                sqrt
            /
                        2
                    ^
                        d
                +
                            2
                        ^
                            c
                    +
                                2
                            ^
                                b
                        +
                                2
                            ^
                                a
        int
    +
                            y
                        *
                            4
                    cos
                +
                            x
                        *
                            3
                    sin
            /
                                    6
                                ^
                                        6
                                    ^
                                            6
                                        ^
                                                6
                                            ^
                                                    6
                                                ^
                                                        6
                                                    ^
                                                        5
                            +
                                y
                        sqrt
                    ln
                +
                            6
                        ^
                                6
                            ^
                                    6
                                ^
                                        6
                                    ^
                                            6
                                        ^
                                                3
                                            ^
                                                    5
                                                ^
                                                    x
                    int
        sqrt
