                e
            +
                d
        /
                c
            +
                    b
                +
                    a
    ln
-
                    y
                *
                    x
            /
                        2
                    ^
                        y
                +
                        2
                    ^
                        x
        sin
    +
            2
        ^
                    1
                -
                    x
            /
                    1
                +
                    x
